2026-02-14T07:51:47.989Z [Scheduler] Initializing Scheduler Service... 
2026-02-14T07:51:53.217Z [Scheduler] Found 50 active tasks. 
2026-02-14T07:51:53.262Z [Scheduler] Scheduled task Node-RzX9nFJGQUs832cLVvecO-2k-zprv2 (EMAIL_SEND) (cmlfqtksx002bwa5gn41ezd6s) with cron: 0 9 * * 1 
2026-02-14T07:51:53.262Z [Scheduler] ERROR: Task cmlepnx3n000vbda046iru4fn (Node-RzX9nFJGQUs832cLVvecO-KhDnEWg8 (Implicit)) has no valid schedule. 
2026-02-14T07:51:53.263Z [Scheduler] ERROR: Task cmlfrxih4003fwa5gn8mfze3l (Node-RzX9nFJGQUs832cLVvecO-ZwOVHdd4 (Implicit)) has no valid schedule. 
2026-02-14T07:51:53.263Z [Scheduler] ERROR: Task cmld9p7f30005oiphuvncs7mi (Node-RzX9nFJGQUs832cLVvecO-t4m_jbLn (Implicit)) has no valid schedule. 
2026-02-14T07:51:53.263Z [Scheduler] ERROR: Task cmldqo64z001bpdr6d0qlhgvj (Node-RzX9nFJGQUs832cLVvecO-P7OJwQA4 (Implicit)) has no valid schedule. 
2026-02-14T07:51:53.263Z [Scheduler] ERROR: Task cmldmixbz000xfa2ksq4gvf6g (Node-4OtZT6m_2q7T7LpEpYoDC-KlyDG-Eu (Implicit)) has no valid schedule. 
2026-02-14T07:51:53.263Z [Scheduler] ERROR: Task cmldqnzwv000zpdr6kz80c3lw (Node-RzX9nFJGQUs832cLVvecO-fVagNTtd (Implicit)) has no valid schedule. 
2026-02-14T07:51:53.263Z [Scheduler] ERROR: Task cmlfkc5wz006hdit5cytmb9hf (Node-RzX9nFJGQUs832cLVvecO-7m6E7fwp (Implicit)) has no valid schedule. 
2026-02-14T07:51:53.263Z [Scheduler] ERROR: Task cmld9p7hx000doiphizuje6a1 (Node-RzX9nFJGQUs832cLVvecO-3NtNCoMB (Implicit)) has no valid schedule. 
2026-02-14T07:51:53.264Z [Scheduler] ERROR: Task cmld9p7220001oiphvqk265za (Node-RzX9nFJGQUs832cLVvecO-feptUzSG (Implicit)) has no valid schedule. 
2026-02-14T07:51:53.264Z [Scheduler] ERROR: Task cmldt66tx000p111kkrbywmyo (Node-RzX9nFJGQUs832cLVvecO-mT4fz_HR (Implicit)) has no valid schedule. 
2026-02-14T07:51:53.264Z [Scheduler] ERROR: Task cmld9p7gg0009oiph3vlqb72l (Node-RzX9nFJGQUs832cLVvecO-wC6CRuv7 (Implicit)) has no valid schedule. 
2026-02-14T07:51:53.264Z [Scheduler] ERROR: Task cmled52960009fi5pm23i9doj (Node-RzX9nFJGQUs832cLVvecO-_CwXg6oQ (Implicit)) has no valid schedule. 
2026-02-14T07:51:53.264Z [Scheduler] ERROR: Task cmldqo5400017pdr66boem8xk (Node-RzX9nFJGQUs832cLVvecO-2QH20NyR (Implicit)) has no valid schedule. 
2026-02-14T07:51:53.264Z [Scheduler] ERROR: Task cmld9p9v9000roiph52ujcca6 (Node-RzX9nFJGQUs832cLVvecO-9LiHu3E2 (Implicit)) has no valid schedule. 
2026-02-14T07:51:53.264Z [Scheduler] ERROR: Task cmld9p9te000joiphgudr3ej8 (Node-RzX9nFJGQUs832cLVvecO-NC9jpnnG (Implicit)) has no valid schedule. 
2026-02-14T07:51:53.266Z [Scheduler] Scheduled task Node-RzX9nFJGQUs832cLVvecO-vKJhk8mI (EMAIL_SEND) (cmlfskvf9004lwa5gnvnog499) with cron: 0 9 * * 1,5 
2026-02-14T07:51:53.267Z [Scheduler] ERROR: Task cmld9p9uy000noiphe0lqvmoh (Node-RzX9nFJGQUs832cLVvecO-gye2BUuO (Implicit)) has no valid schedule. 
2026-02-14T07:51:53.267Z [Scheduler] ERROR: Task cmlfs96ku003rwa5g24rjvm9a (Node-RzX9nFJGQUs832cLVvecO-gw4dLyqM (Implicit)) has no valid schedule. 
2026-02-14T07:51:53.267Z [Scheduler] ERROR: Task cmldt67c0000z111kqqpuqjd9 (Node-RzX9nFJGQUs832cLVvecO--A7oR6c8 (Implicit)) has no valid schedule. 
2026-02-14T07:51:53.267Z [Scheduler] ERROR: Task cmldmj7vn001bfa2kuslvdxg3 (Node-4OtZT6m_2q7T7LpEpYoDC-HDXBylGO (Implicit)) has no valid schedule. 
2026-02-14T07:51:53.267Z [Scheduler] ERROR: Task cmldmj6st0017fa2k1q4zmo43 (Node-4OtZT6m_2q7T7LpEpYoDC-C4G9NQNE (Implicit)) has no valid schedule. 
2026-02-14T07:51:53.267Z [Scheduler] ERROR: Task cmlknpwb10025wiakirwczscq (Node-cmkkpn5lo00033e4pgigfk53z-lI_oU46X (Implicit)) has no valid schedule. 
2026-02-14T07:51:53.267Z [Scheduler] ERROR: Task cmldmjsjj001ffa2kpp8ftlze (Node-4OtZT6m_2q7T7LpEpYoDC-zklNd9pZ (Implicit)) has no valid schedule. 
2026-02-14T07:51:53.267Z [Scheduler] ERROR: Task cmldmj1uf0011fa2kycf398ef (Node-4OtZT6m_2q7T7LpEpYoDC-8IxOFrvh (Implicit)) has no valid schedule. 
2026-02-14T07:51:53.270Z [Scheduler] Scheduled task Node-cmktcphgp0013ywhh0zy6lgrp-HezwWr-A (EMAIL_SEND) (cmlg6n86j000t14l4nyowkval) with cron: 0 10 * * 1 
2026-02-14T07:51:53.270Z [Scheduler] ERROR: Task cmlksn45z000d10l312k32jj1 (Node-4OtZT6m_2q7T7LpEpYoDC-hXm206kX (Implicit)) has no valid schedule. 
2026-02-14T07:51:53.271Z [Scheduler] ERROR: Task cmlhi6r40001z14l4ij6hzkm5 (Node-cmktdmtil0015ywhhna2ejczb-G54tgXtp (Implicit)) has no valid schedule. 
2026-02-14T07:51:53.271Z [Scheduler] ERROR: Task cmlhjkwr4003f14l4dhppo5f7 (Node-cmktdmtil0015ywhhna2ejczb-4kX3mfm6 (Implicit)) has no valid schedule. 
2026-02-14T07:51:53.273Z [Scheduler] Scheduled task Node-cmktdmtil0015ywhhna2ejczb-GPR8yEEU (EMAIL_SEND) (cmljk5psd000981311w0wyifu) with cron: 0 9 * * 5 
2026-02-14T07:51:53.273Z [Scheduler] ERROR: Task cmlib72lc0007x42lz1dqjuvd (Node-cmktbirhb0001ywhh0j9z4j0q--dM9EfAR (Implicit)) has no valid schedule. 
2026-02-14T07:51:53.273Z [Scheduler] ERROR: Task cmlib72lp000bx42llyggaje3 (Node-cmktbirhb0001ywhh0j9z4j0q-G0BkWBfM (Implicit)) has no valid schedule. 
2026-02-14T07:51:53.273Z [Scheduler] ERROR: Task cmlknpzj7002fwiakoqu5uxiu (Node-cmkkpn5lo00033e4pgigfk53z-Zx7-4gto (Implicit)) has no valid schedule. 
2026-02-14T07:51:53.274Z [Scheduler] ERROR: Task cmlib7363000jx42lwzy0zl27 (Node-cmktbirhb0001ywhh0j9z4j0q-xo44U2XZ (Implicit)) has no valid schedule. 
2026-02-14T07:51:53.276Z [Scheduler] Scheduled task Node-cmktbirhb0001ywhh0j9z4j0q-MVSmqlEO (EMAIL_SEND) (cmlib7xaf000nx42l9nzmfd4b) with cron: 0 10 * * 1,3,5 
2026-02-14T07:51:53.278Z [Scheduler] Scheduled task Node-4OtZT6m_2q7T7LpEpYoDC-zklNd9pZ (EMAIL_SEND) (cmlkfalmz00178131q1siv7mv) with cron: 0 10 * * 1 
2026-02-14T07:51:53.280Z [Scheduler] Scheduled task Node-cmktdmtil0015ywhhna2ejczb-kvbQCCL7 (EMAIL_SEND) (cmlg3czsw000713zkykadru20) with cron: 0 9 * * 2 
2026-02-14T07:51:53.281Z [Scheduler] ERROR: Task cmlfqyltl002twa5gnam8nizs (Node-RzX9nFJGQUs832cLVvecO-BTNiWkbT (Implicit)) has no valid schedule. 
2026-02-14T07:51:53.281Z [Scheduler] ERROR: Task cmlib72ka0003x42l746q29o0 (Node-cmktbirhb0001ywhh0j9z4j0q-qJDbemso (Implicit)) has no valid schedule. 
2026-02-14T07:51:53.281Z [Scheduler] ERROR: Task cmljv8v3d000l8131bhw0bpub (Node-4OtZT6m_2q7T7LpEpYoDC-4irAUgpf (Implicit)) has no valid schedule. 
2026-02-14T07:51:53.281Z [Scheduler] ERROR: Task cmlib72m2000fx42lm0s3jazg (Node-cmktbirhb0001ywhh0j9z4j0q-z-khqugw (Implicit)) has no valid schedule. 
2026-02-14T07:51:53.281Z [Scheduler] ERROR: Task cmlknq6av002lwiaku3e8q93i (Node-cmkkpn5lo00033e4pgigfk53z-AfJiuv51 (Implicit)) has no valid schedule. 
2026-02-14T07:51:53.281Z [Scheduler] ERROR: Task cmlko793l002rwiak3h7sc9g6 (Node-cmkkpn5lo00033e4pgigfk53z-o3PdeQ7w (Implicit)) has no valid schedule. 
2026-02-14T07:51:53.283Z [Scheduler] Scheduled task Node-RzX9nFJGQUs832cLVvecO-4BbRgfc5 (EMAIL_SEND) (cmldruvte000110htjh6syrqn) with cron: 0 8 * * 1,2,3,4,5 
2026-02-14T07:51:53.285Z [Scheduler] Scheduled task Node-RzX9nFJGQUs832cLVvecO-mT4fz_HR (PYTHON_EXECUTE) (cmlf4afol001rdit5b7s9xm2c) with cron: 0 9 * * 1,2,3,4,5 
2026-02-14T07:51:53.287Z [Scheduler] Scheduled task Node-cmkkpn5lo00033e4pgigfk53z-1VCNHa6X (EMAIL_SEND) (cmli16dze001pbq7ao98nfsyy) with cron: 0 10 * * 5 
2026-02-14T07:51:53.289Z [Scheduler] Scheduled task Node-cmktdmtil0015ywhhna2ejczb-yMdvR5-A (EMAIL_SEND) (cmlg3cgif000513zk4sfvr5jm) with cron: 0 9 * * 3 
2026-02-14T07:51:53.289Z [Scheduler] ERROR: Task cmli18dho001rbq7a3lziknsb (Node-cmkkpn5lo00033e4pgigfk53z-ipkMB7Cy (Implicit)) has no valid schedule. 
2026-02-14T07:51:53.289Z [Scheduler] ERROR: Task cmlgavqow001114l4ysto3g7b (Node-4OtZT6m_2q7T7LpEpYoDC-0Fi5fzy- (Implicit)) has no valid schedule. 
2026-02-14T07:51:53.290Z [Scheduler] Scheduled task Node-4OtZT6m_2q7T7LpEpYoDC-C4G9NQNE (SQL_EXECUTE) (cmlktqg6b000h1mvulcamfkc3) with cron: */60 * * * * 
2026-02-14T07:51:53.290Z [Scheduler] Scheduler Service Initialized. 
2026-02-14T08:00:00.022Z [Scheduler] Executing task: Node-4OtZT6m_2q7T7LpEpYoDC-C4G9NQNE (SQL_EXECUTE) (cmlktqg6b000h1mvulcamfkc3) 
2026-02-14T08:00:00.027Z [Scheduler] ▶️ Starting task cmlktqg6b000h1mvulcamfkc3 
2026-02-14T08:00:00.062Z [Scheduler] Executing logic for type: SQL_EXECUTE 
2026-02-14T08:00:00.079Z [Scheduler] ⏱️ Task cmlktqg6b000h1mvulcamfkc3 finished in 0.1s 
2026-02-14T08:26:54.646Z [Scheduler] Initializing Scheduler Service... 
2026-02-14T08:26:58.454Z [Scheduler] Found 50 active tasks. 
2026-02-14T08:26:58.496Z [Scheduler] Scheduled task Node-RzX9nFJGQUs832cLVvecO-2k-zprv2 (EMAIL_SEND) (cmlfqtksx002bwa5gn41ezd6s) with cron: 0 9 * * 1 
2026-02-14T08:26:58.497Z [Scheduler] ERROR: Task cmlepnx3n000vbda046iru4fn (Node-RzX9nFJGQUs832cLVvecO-KhDnEWg8 (Implicit)) has no valid schedule. 
2026-02-14T08:26:58.497Z [Scheduler] ERROR: Task cmlfrxih4003fwa5gn8mfze3l (Node-RzX9nFJGQUs832cLVvecO-ZwOVHdd4 (Implicit)) has no valid schedule. 
2026-02-14T08:26:58.497Z [Scheduler] ERROR: Task cmld9p7f30005oiphuvncs7mi (Node-RzX9nFJGQUs832cLVvecO-t4m_jbLn (Implicit)) has no valid schedule. 
2026-02-14T08:26:58.497Z [Scheduler] ERROR: Task cmldqo64z001bpdr6d0qlhgvj (Node-RzX9nFJGQUs832cLVvecO-P7OJwQA4 (Implicit)) has no valid schedule. 
2026-02-14T08:26:58.497Z [Scheduler] ERROR: Task cmldmixbz000xfa2ksq4gvf6g (Node-4OtZT6m_2q7T7LpEpYoDC-KlyDG-Eu (Implicit)) has no valid schedule. 
2026-02-14T08:26:58.497Z [Scheduler] ERROR: Task cmldqnzwv000zpdr6kz80c3lw (Node-RzX9nFJGQUs832cLVvecO-fVagNTtd (Implicit)) has no valid schedule. 
2026-02-14T08:26:58.498Z [Scheduler] ERROR: Task cmlfkc5wz006hdit5cytmb9hf (Node-RzX9nFJGQUs832cLVvecO-7m6E7fwp (Implicit)) has no valid schedule. 
2026-02-14T08:26:58.498Z [Scheduler] ERROR: Task cmld9p7hx000doiphizuje6a1 (Node-RzX9nFJGQUs832cLVvecO-3NtNCoMB (Implicit)) has no valid schedule. 
2026-02-14T08:26:58.498Z [Scheduler] ERROR: Task cmld9p7220001oiphvqk265za (Node-RzX9nFJGQUs832cLVvecO-feptUzSG (Implicit)) has no valid schedule. 
2026-02-14T08:26:58.498Z [Scheduler] ERROR: Task cmldt66tx000p111kkrbywmyo (Node-RzX9nFJGQUs832cLVvecO-mT4fz_HR (Implicit)) has no valid schedule. 
2026-02-14T08:26:58.498Z [Scheduler] ERROR: Task cmld9p7gg0009oiph3vlqb72l (Node-RzX9nFJGQUs832cLVvecO-wC6CRuv7 (Implicit)) has no valid schedule. 
2026-02-14T08:26:58.498Z [Scheduler] ERROR: Task cmled52960009fi5pm23i9doj (Node-RzX9nFJGQUs832cLVvecO-_CwXg6oQ (Implicit)) has no valid schedule. 
2026-02-14T08:26:58.498Z [Scheduler] ERROR: Task cmldqo5400017pdr66boem8xk (Node-RzX9nFJGQUs832cLVvecO-2QH20NyR (Implicit)) has no valid schedule. 
2026-02-14T08:26:58.498Z [Scheduler] ERROR: Task cmld9p9v9000roiph52ujcca6 (Node-RzX9nFJGQUs832cLVvecO-9LiHu3E2 (Implicit)) has no valid schedule. 
2026-02-14T08:26:58.499Z [Scheduler] ERROR: Task cmld9p9te000joiphgudr3ej8 (Node-RzX9nFJGQUs832cLVvecO-NC9jpnnG (Implicit)) has no valid schedule. 
2026-02-14T08:26:58.500Z [Scheduler] Scheduled task Node-RzX9nFJGQUs832cLVvecO-vKJhk8mI (EMAIL_SEND) (cmlfskvf9004lwa5gnvnog499) with cron: 0 9 * * 1,5 
2026-02-14T08:26:58.500Z [Scheduler] ERROR: Task cmld9p9uy000noiphe0lqvmoh (Node-RzX9nFJGQUs832cLVvecO-gye2BUuO (Implicit)) has no valid schedule. 
2026-02-14T08:26:58.501Z [Scheduler] ERROR: Task cmlfs96ku003rwa5g24rjvm9a (Node-RzX9nFJGQUs832cLVvecO-gw4dLyqM (Implicit)) has no valid schedule. 
2026-02-14T08:26:58.501Z [Scheduler] ERROR: Task cmldt67c0000z111kqqpuqjd9 (Node-RzX9nFJGQUs832cLVvecO--A7oR6c8 (Implicit)) has no valid schedule. 
2026-02-14T08:26:58.501Z [Scheduler] ERROR: Task cmldmj7vn001bfa2kuslvdxg3 (Node-4OtZT6m_2q7T7LpEpYoDC-HDXBylGO (Implicit)) has no valid schedule. 
2026-02-14T08:26:58.501Z [Scheduler] ERROR: Task cmldmj6st0017fa2k1q4zmo43 (Node-4OtZT6m_2q7T7LpEpYoDC-C4G9NQNE (Implicit)) has no valid schedule. 
2026-02-14T08:26:58.501Z [Scheduler] ERROR: Task cmlknpwb10025wiakirwczscq (Node-cmkkpn5lo00033e4pgigfk53z-lI_oU46X (Implicit)) has no valid schedule. 
2026-02-14T08:26:58.501Z [Scheduler] ERROR: Task cmldmjsjj001ffa2kpp8ftlze (Node-4OtZT6m_2q7T7LpEpYoDC-zklNd9pZ (Implicit)) has no valid schedule. 
2026-02-14T08:26:58.501Z [Scheduler] ERROR: Task cmldmj1uf0011fa2kycf398ef (Node-4OtZT6m_2q7T7LpEpYoDC-8IxOFrvh (Implicit)) has no valid schedule. 
2026-02-14T08:26:58.504Z [Scheduler] Scheduled task Node-cmktcphgp0013ywhh0zy6lgrp-HezwWr-A (EMAIL_SEND) (cmlg6n86j000t14l4nyowkval) with cron: 0 10 * * 1 
2026-02-14T08:26:58.504Z [Scheduler] ERROR: Task cmlksn45z000d10l312k32jj1 (Node-4OtZT6m_2q7T7LpEpYoDC-hXm206kX (Implicit)) has no valid schedule. 
2026-02-14T08:26:58.504Z [Scheduler] ERROR: Task cmlhi6r40001z14l4ij6hzkm5 (Node-cmktdmtil0015ywhhna2ejczb-G54tgXtp (Implicit)) has no valid schedule. 
2026-02-14T08:26:58.504Z [Scheduler] ERROR: Task cmlhjkwr4003f14l4dhppo5f7 (Node-cmktdmtil0015ywhhna2ejczb-4kX3mfm6 (Implicit)) has no valid schedule. 
2026-02-14T08:26:58.506Z [Scheduler] Scheduled task Node-cmktdmtil0015ywhhna2ejczb-GPR8yEEU (EMAIL_SEND) (cmljk5psd000981311w0wyifu) with cron: 0 9 * * 5 
2026-02-14T08:26:58.506Z [Scheduler] ERROR: Task cmlib72lc0007x42lz1dqjuvd (Node-cmktbirhb0001ywhh0j9z4j0q--dM9EfAR (Implicit)) has no valid schedule. 
2026-02-14T08:26:58.506Z [Scheduler] ERROR: Task cmlib72lp000bx42llyggaje3 (Node-cmktbirhb0001ywhh0j9z4j0q-G0BkWBfM (Implicit)) has no valid schedule. 
2026-02-14T08:26:58.506Z [Scheduler] ERROR: Task cmlknpzj7002fwiakoqu5uxiu (Node-cmkkpn5lo00033e4pgigfk53z-Zx7-4gto (Implicit)) has no valid schedule. 
2026-02-14T08:26:58.507Z [Scheduler] ERROR: Task cmlib7363000jx42lwzy0zl27 (Node-cmktbirhb0001ywhh0j9z4j0q-xo44U2XZ (Implicit)) has no valid schedule. 
2026-02-14T08:26:58.508Z [Scheduler] Scheduled task Node-cmktbirhb0001ywhh0j9z4j0q-MVSmqlEO (EMAIL_SEND) (cmlib7xaf000nx42l9nzmfd4b) with cron: 0 10 * * 1,3,5 
2026-02-14T08:26:58.511Z [Scheduler] Scheduled task Node-4OtZT6m_2q7T7LpEpYoDC-zklNd9pZ (EMAIL_SEND) (cmlkfalmz00178131q1siv7mv) with cron: 0 10 * * 1 
2026-02-14T08:26:58.513Z [Scheduler] Scheduled task Node-cmktdmtil0015ywhhna2ejczb-kvbQCCL7 (EMAIL_SEND) (cmlg3czsw000713zkykadru20) with cron: 0 9 * * 2 
2026-02-14T08:26:58.513Z [Scheduler] ERROR: Task cmlfqyltl002twa5gnam8nizs (Node-RzX9nFJGQUs832cLVvecO-BTNiWkbT (Implicit)) has no valid schedule. 
2026-02-14T08:26:58.513Z [Scheduler] ERROR: Task cmlib72ka0003x42l746q29o0 (Node-cmktbirhb0001ywhh0j9z4j0q-qJDbemso (Implicit)) has no valid schedule. 
2026-02-14T08:26:58.513Z [Scheduler] ERROR: Task cmljv8v3d000l8131bhw0bpub (Node-4OtZT6m_2q7T7LpEpYoDC-4irAUgpf (Implicit)) has no valid schedule. 
2026-02-14T08:26:58.513Z [Scheduler] ERROR: Task cmlib72m2000fx42lm0s3jazg (Node-cmktbirhb0001ywhh0j9z4j0q-z-khqugw (Implicit)) has no valid schedule. 
2026-02-14T08:26:58.513Z [Scheduler] ERROR: Task cmlknq6av002lwiaku3e8q93i (Node-cmkkpn5lo00033e4pgigfk53z-AfJiuv51 (Implicit)) has no valid schedule. 
2026-02-14T08:26:58.514Z [Scheduler] ERROR: Task cmlko793l002rwiak3h7sc9g6 (Node-cmkkpn5lo00033e4pgigfk53z-o3PdeQ7w (Implicit)) has no valid schedule. 
2026-02-14T08:26:58.515Z [Scheduler] Scheduled task Node-RzX9nFJGQUs832cLVvecO-4BbRgfc5 (EMAIL_SEND) (cmldruvte000110htjh6syrqn) with cron: 0 8 * * 1,2,3,4,5 
2026-02-14T08:26:58.517Z [Scheduler] Scheduled task Node-RzX9nFJGQUs832cLVvecO-mT4fz_HR (PYTHON_EXECUTE) (cmlf4afol001rdit5b7s9xm2c) with cron: 0 9 * * 1,2,3,4,5 
2026-02-14T08:26:58.520Z [Scheduler] Scheduled task Node-cmkkpn5lo00033e4pgigfk53z-1VCNHa6X (EMAIL_SEND) (cmli16dze001pbq7ao98nfsyy) with cron: 0 10 * * 5 
2026-02-14T08:26:58.522Z [Scheduler] Scheduled task Node-cmktdmtil0015ywhhna2ejczb-yMdvR5-A (EMAIL_SEND) (cmlg3cgif000513zk4sfvr5jm) with cron: 0 9 * * 3 
2026-02-14T08:26:58.522Z [Scheduler] ERROR: Task cmli18dho001rbq7a3lziknsb (Node-cmkkpn5lo00033e4pgigfk53z-ipkMB7Cy (Implicit)) has no valid schedule. 
2026-02-14T08:26:58.523Z [Scheduler] Scheduled task Node-4OtZT6m_2q7T7LpEpYoDC-C4G9NQNE (SQL_EXECUTE) (cmlktqg6b000h1mvulcamfkc3) with cron: */60 * * * * 
2026-02-14T08:26:58.523Z [Scheduler] ERROR: Task cmlgavqow001114l4ysto3g7b (Node-4OtZT6m_2q7T7LpEpYoDC-0Fi5fzy- (Implicit)) has no valid schedule. 
2026-02-14T08:26:58.523Z [Scheduler] Scheduler Service Initialized. 
2026-02-14T09:00:00.029Z [Scheduler] Executing task: Node-4OtZT6m_2q7T7LpEpYoDC-C4G9NQNE (SQL_EXECUTE) (cmlktqg6b000h1mvulcamfkc3) 
2026-02-14T09:00:00.030Z [Scheduler] ▶️ Starting task cmlktqg6b000h1mvulcamfkc3 
2026-02-14T09:00:00.075Z [Scheduler] Executing logic for type: SQL_EXECUTE 
2026-02-14T09:00:00.094Z [Scheduler] ⏱️ Task cmlktqg6b000h1mvulcamfkc3 finished in 0.1s 
2026-02-14T09:14:44.309Z [Scheduler] Initializing Scheduler Service... 
2026-02-14T09:14:47.521Z [Scheduler] Found 50 active tasks. 
2026-02-14T09:14:47.562Z [Scheduler] Scheduled task Node-RzX9nFJGQUs832cLVvecO-2k-zprv2 (EMAIL_SEND) (cmlfqtksx002bwa5gn41ezd6s) with cron: 0 9 * * 1 
2026-02-14T09:14:47.562Z [Scheduler] ERROR: Task cmlepnx3n000vbda046iru4fn (Node-RzX9nFJGQUs832cLVvecO-KhDnEWg8 (Implicit)) has no valid schedule. 
2026-02-14T09:14:47.563Z [Scheduler] ERROR: Task cmlfrxih4003fwa5gn8mfze3l (Node-RzX9nFJGQUs832cLVvecO-ZwOVHdd4 (Implicit)) has no valid schedule. 
2026-02-14T09:14:47.563Z [Scheduler] ERROR: Task cmldqo64z001bpdr6d0qlhgvj (Node-RzX9nFJGQUs832cLVvecO-P7OJwQA4 (Implicit)) has no valid schedule. 
2026-02-14T09:14:47.563Z [Scheduler] ERROR: Task cmldmixbz000xfa2ksq4gvf6g (Node-4OtZT6m_2q7T7LpEpYoDC-KlyDG-Eu (Implicit)) has no valid schedule. 
2026-02-14T09:14:47.563Z [Scheduler] ERROR: Task cmldqnzwv000zpdr6kz80c3lw (Node-RzX9nFJGQUs832cLVvecO-fVagNTtd (Implicit)) has no valid schedule. 
2026-02-14T09:14:47.563Z [Scheduler] ERROR: Task cmlfkc5wz006hdit5cytmb9hf (Node-RzX9nFJGQUs832cLVvecO-7m6E7fwp (Implicit)) has no valid schedule. 
2026-02-14T09:14:47.563Z [Scheduler] ERROR: Task cmld9p7hx000doiphizuje6a1 (Node-RzX9nFJGQUs832cLVvecO-3NtNCoMB (Implicit)) has no valid schedule. 
2026-02-14T09:14:47.563Z [Scheduler] ERROR: Task cmld9p7f30005oiphuvncs7mi (Node-RzX9nFJGQUs832cLVvecO-t4m_jbLn (Implicit)) has no valid schedule. 
2026-02-14T09:14:47.564Z [Scheduler] ERROR: Task cmldt66tx000p111kkrbywmyo (Node-RzX9nFJGQUs832cLVvecO-mT4fz_HR (Implicit)) has no valid schedule. 
2026-02-14T09:14:47.564Z [Scheduler] ERROR: Task cmld9p7gg0009oiph3vlqb72l (Node-RzX9nFJGQUs832cLVvecO-wC6CRuv7 (Implicit)) has no valid schedule. 
2026-02-14T09:14:47.564Z [Scheduler] ERROR: Task cmled52960009fi5pm23i9doj (Node-RzX9nFJGQUs832cLVvecO-_CwXg6oQ (Implicit)) has no valid schedule. 
2026-02-14T09:14:47.564Z [Scheduler] ERROR: Task cmldqo5400017pdr66boem8xk (Node-RzX9nFJGQUs832cLVvecO-2QH20NyR (Implicit)) has no valid schedule. 
2026-02-14T09:14:47.564Z [Scheduler] ERROR: Task cmld9p9v9000roiph52ujcca6 (Node-RzX9nFJGQUs832cLVvecO-9LiHu3E2 (Implicit)) has no valid schedule. 
2026-02-14T09:14:47.564Z [Scheduler] ERROR: Task cmld9p9te000joiphgudr3ej8 (Node-RzX9nFJGQUs832cLVvecO-NC9jpnnG (Implicit)) has no valid schedule. 
2026-02-14T09:14:47.566Z [Scheduler] Scheduled task Node-RzX9nFJGQUs832cLVvecO-vKJhk8mI (EMAIL_SEND) (cmlfskvf9004lwa5gnvnog499) with cron: 0 9 * * 1,5 
2026-02-14T09:14:47.566Z [Scheduler] ERROR: Task cmld9p9uy000noiphe0lqvmoh (Node-RzX9nFJGQUs832cLVvecO-gye2BUuO (Implicit)) has no valid schedule. 
2026-02-14T09:14:47.566Z [Scheduler] ERROR: Task cmlfs96ku003rwa5g24rjvm9a (Node-RzX9nFJGQUs832cLVvecO-gw4dLyqM (Implicit)) has no valid schedule. 
2026-02-14T09:14:47.567Z [Scheduler] ERROR: Task cmldt67c0000z111kqqpuqjd9 (Node-RzX9nFJGQUs832cLVvecO--A7oR6c8 (Implicit)) has no valid schedule. 
2026-02-14T09:14:47.567Z [Scheduler] ERROR: Task cmld9p7220001oiphvqk265za (Node-RzX9nFJGQUs832cLVvecO-feptUzSG (Implicit)) has no valid schedule. 
2026-02-14T09:14:47.567Z [Scheduler] ERROR: Task cmldmj7vn001bfa2kuslvdxg3 (Node-4OtZT6m_2q7T7LpEpYoDC-HDXBylGO (Implicit)) has no valid schedule. 
2026-02-14T09:14:47.567Z [Scheduler] ERROR: Task cmldmj6st0017fa2k1q4zmo43 (Node-4OtZT6m_2q7T7LpEpYoDC-C4G9NQNE (Implicit)) has no valid schedule. 
2026-02-14T09:14:47.567Z [Scheduler] ERROR: Task cmlknpwb10025wiakirwczscq (Node-cmkkpn5lo00033e4pgigfk53z-lI_oU46X (Implicit)) has no valid schedule. 
2026-02-14T09:14:47.567Z [Scheduler] ERROR: Task cmldmjsjj001ffa2kpp8ftlze (Node-4OtZT6m_2q7T7LpEpYoDC-zklNd9pZ (Implicit)) has no valid schedule. 
2026-02-14T09:14:47.567Z [Scheduler] ERROR: Task cmldmj1uf0011fa2kycf398ef (Node-4OtZT6m_2q7T7LpEpYoDC-8IxOFrvh (Implicit)) has no valid schedule. 
2026-02-14T09:14:47.570Z [Scheduler] Scheduled task Node-cmktcphgp0013ywhh0zy6lgrp-HezwWr-A (EMAIL_SEND) (cmlg6n86j000t14l4nyowkval) with cron: 0 10 * * 1 
2026-02-14T09:14:47.570Z [Scheduler] ERROR: Task cmlksn45z000d10l312k32jj1 (Node-4OtZT6m_2q7T7LpEpYoDC-hXm206kX (Implicit)) has no valid schedule. 
2026-02-14T09:14:47.570Z [Scheduler] ERROR: Task cmlhi6r40001z14l4ij6hzkm5 (Node-cmktdmtil0015ywhhna2ejczb-G54tgXtp (Implicit)) has no valid schedule. 
2026-02-14T09:14:47.570Z [Scheduler] ERROR: Task cmlhjkwr4003f14l4dhppo5f7 (Node-cmktdmtil0015ywhhna2ejczb-4kX3mfm6 (Implicit)) has no valid schedule. 
2026-02-14T09:14:47.572Z [Scheduler] Scheduled task Node-cmktdmtil0015ywhhna2ejczb-GPR8yEEU (EMAIL_SEND) (cmljk5psd000981311w0wyifu) with cron: 0 9 * * 5 
2026-02-14T09:14:47.572Z [Scheduler] ERROR: Task cmlib72lc0007x42lz1dqjuvd (Node-cmktbirhb0001ywhh0j9z4j0q--dM9EfAR (Implicit)) has no valid schedule. 
2026-02-14T09:14:47.572Z [Scheduler] ERROR: Task cmlib72lp000bx42llyggaje3 (Node-cmktbirhb0001ywhh0j9z4j0q-G0BkWBfM (Implicit)) has no valid schedule. 
2026-02-14T09:14:47.572Z [Scheduler] ERROR: Task cmlknpzj7002fwiakoqu5uxiu (Node-cmkkpn5lo00033e4pgigfk53z-Zx7-4gto (Implicit)) has no valid schedule. 
2026-02-14T09:14:47.572Z [Scheduler] ERROR: Task cmlib7363000jx42lwzy0zl27 (Node-cmktbirhb0001ywhh0j9z4j0q-xo44U2XZ (Implicit)) has no valid schedule. 
2026-02-14T09:14:47.574Z [Scheduler] Scheduled task Node-cmktbirhb0001ywhh0j9z4j0q-MVSmqlEO (EMAIL_SEND) (cmlib7xaf000nx42l9nzmfd4b) with cron: 0 10 * * 1,3,5 
2026-02-14T09:14:47.576Z [Scheduler] Scheduled task Node-4OtZT6m_2q7T7LpEpYoDC-zklNd9pZ (EMAIL_SEND) (cmlkfalmz00178131q1siv7mv) with cron: 0 10 * * 1 
2026-02-14T09:14:47.578Z [Scheduler] Scheduled task Node-cmktdmtil0015ywhhna2ejczb-kvbQCCL7 (EMAIL_SEND) (cmlg3czsw000713zkykadru20) with cron: 0 9 * * 2 
2026-02-14T09:14:47.578Z [Scheduler] ERROR: Task cmlfqyltl002twa5gnam8nizs (Node-RzX9nFJGQUs832cLVvecO-BTNiWkbT (Implicit)) has no valid schedule. 
2026-02-14T09:14:47.579Z [Scheduler] ERROR: Task cmlib72ka0003x42l746q29o0 (Node-cmktbirhb0001ywhh0j9z4j0q-qJDbemso (Implicit)) has no valid schedule. 
2026-02-14T09:14:47.579Z [Scheduler] ERROR: Task cmljv8v3d000l8131bhw0bpub (Node-4OtZT6m_2q7T7LpEpYoDC-4irAUgpf (Implicit)) has no valid schedule. 
2026-02-14T09:14:47.579Z [Scheduler] ERROR: Task cmlib72m2000fx42lm0s3jazg (Node-cmktbirhb0001ywhh0j9z4j0q-z-khqugw (Implicit)) has no valid schedule. 
2026-02-14T09:14:47.579Z [Scheduler] ERROR: Task cmlknq6av002lwiaku3e8q93i (Node-cmkkpn5lo00033e4pgigfk53z-AfJiuv51 (Implicit)) has no valid schedule. 
2026-02-14T09:14:47.579Z [Scheduler] ERROR: Task cmlko793l002rwiak3h7sc9g6 (Node-cmkkpn5lo00033e4pgigfk53z-o3PdeQ7w (Implicit)) has no valid schedule. 
2026-02-14T09:14:47.581Z [Scheduler] Scheduled task Node-RzX9nFJGQUs832cLVvecO-4BbRgfc5 (EMAIL_SEND) (cmldruvte000110htjh6syrqn) with cron: 0 8 * * 1,2,3,4,5 
2026-02-14T09:14:47.583Z [Scheduler] Scheduled task Node-RzX9nFJGQUs832cLVvecO-mT4fz_HR (PYTHON_EXECUTE) (cmlf4afol001rdit5b7s9xm2c) with cron: 0 9 * * 1,2,3,4,5 
2026-02-14T09:14:47.584Z [Scheduler] Scheduled task Node-cmkkpn5lo00033e4pgigfk53z-1VCNHa6X (EMAIL_SEND) (cmli16dze001pbq7ao98nfsyy) with cron: 0 10 * * 5 
2026-02-14T09:14:47.586Z [Scheduler] Scheduled task Node-cmktdmtil0015ywhhna2ejczb-yMdvR5-A (EMAIL_SEND) (cmlg3cgif000513zk4sfvr5jm) with cron: 0 9 * * 3 
2026-02-14T09:14:47.587Z [Scheduler] ERROR: Task cmli18dho001rbq7a3lziknsb (Node-cmkkpn5lo00033e4pgigfk53z-ipkMB7Cy (Implicit)) has no valid schedule. 
2026-02-14T09:14:47.588Z [Scheduler] Scheduled task Node-4OtZT6m_2q7T7LpEpYoDC-C4G9NQNE (SQL_EXECUTE) (cmlktqg6b000h1mvulcamfkc3) with cron: */60 * * * * 
2026-02-14T09:14:47.588Z [Scheduler] ERROR: Task cmlgavqow001114l4ysto3g7b (Node-4OtZT6m_2q7T7LpEpYoDC-0Fi5fzy- (Implicit)) has no valid schedule. 
2026-02-14T09:14:47.588Z [Scheduler] Scheduler Service Initialized. 
2026-02-14T09:56:52.994Z [Scheduler] Initializing Scheduler Service... 
2026-02-14T09:56:56.133Z [Scheduler] Found 50 active tasks. 
2026-02-14T09:56:56.170Z [Scheduler] Scheduled task Node-RzX9nFJGQUs832cLVvecO-2k-zprv2 (EMAIL_SEND) (cmlfqtksx002bwa5gn41ezd6s) with cron: 0 9 * * 1 
2026-02-14T09:56:56.171Z [Scheduler] ERROR: Task cmlepnx3n000vbda046iru4fn (Node-RzX9nFJGQUs832cLVvecO-KhDnEWg8 (Implicit)) has no valid schedule. 
2026-02-14T09:56:56.171Z [Scheduler] ERROR: Task cmlfrxih4003fwa5gn8mfze3l (Node-RzX9nFJGQUs832cLVvecO-ZwOVHdd4 (Implicit)) has no valid schedule. 
2026-02-14T09:56:56.171Z [Scheduler] ERROR: Task cmldqo64z001bpdr6d0qlhgvj (Node-RzX9nFJGQUs832cLVvecO-P7OJwQA4 (Implicit)) has no valid schedule. 
2026-02-14T09:56:56.171Z [Scheduler] ERROR: Task cmldmixbz000xfa2ksq4gvf6g (Node-4OtZT6m_2q7T7LpEpYoDC-KlyDG-Eu (Implicit)) has no valid schedule. 
2026-02-14T09:56:56.171Z [Scheduler] ERROR: Task cmldqnzwv000zpdr6kz80c3lw (Node-RzX9nFJGQUs832cLVvecO-fVagNTtd (Implicit)) has no valid schedule. 
2026-02-14T09:56:56.171Z [Scheduler] ERROR: Task cmlfkc5wz006hdit5cytmb9hf (Node-RzX9nFJGQUs832cLVvecO-7m6E7fwp (Implicit)) has no valid schedule. 
2026-02-14T09:56:56.171Z [Scheduler] ERROR: Task cmld9p7hx000doiphizuje6a1 (Node-RzX9nFJGQUs832cLVvecO-3NtNCoMB (Implicit)) has no valid schedule. 
2026-02-14T09:56:56.172Z [Scheduler] ERROR: Task cmld9p7f30005oiphuvncs7mi (Node-RzX9nFJGQUs832cLVvecO-t4m_jbLn (Implicit)) has no valid schedule. 
2026-02-14T09:56:56.172Z [Scheduler] ERROR: Task cmldt66tx000p111kkrbywmyo (Node-RzX9nFJGQUs832cLVvecO-mT4fz_HR (Implicit)) has no valid schedule. 
2026-02-14T09:56:56.172Z [Scheduler] ERROR: Task cmld9p7gg0009oiph3vlqb72l (Node-RzX9nFJGQUs832cLVvecO-wC6CRuv7 (Implicit)) has no valid schedule. 
2026-02-14T09:56:56.172Z [Scheduler] ERROR: Task cmled52960009fi5pm23i9doj (Node-RzX9nFJGQUs832cLVvecO-_CwXg6oQ (Implicit)) has no valid schedule. 
2026-02-14T09:56:56.172Z [Scheduler] ERROR: Task cmldqo5400017pdr66boem8xk (Node-RzX9nFJGQUs832cLVvecO-2QH20NyR (Implicit)) has no valid schedule. 
2026-02-14T09:56:56.172Z [Scheduler] ERROR: Task cmld9p9v9000roiph52ujcca6 (Node-RzX9nFJGQUs832cLVvecO-9LiHu3E2 (Implicit)) has no valid schedule. 
2026-02-14T09:56:56.172Z [Scheduler] ERROR: Task cmld9p9te000joiphgudr3ej8 (Node-RzX9nFJGQUs832cLVvecO-NC9jpnnG (Implicit)) has no valid schedule. 
2026-02-14T09:56:56.174Z [Scheduler] Scheduled task Node-RzX9nFJGQUs832cLVvecO-vKJhk8mI (EMAIL_SEND) (cmlfskvf9004lwa5gnvnog499) with cron: 0 9 * * 1,5 
2026-02-14T09:56:56.174Z [Scheduler] ERROR: Task cmld9p9uy000noiphe0lqvmoh (Node-RzX9nFJGQUs832cLVvecO-gye2BUuO (Implicit)) has no valid schedule. 
2026-02-14T09:56:56.175Z [Scheduler] ERROR: Task cmlfs96ku003rwa5g24rjvm9a (Node-RzX9nFJGQUs832cLVvecO-gw4dLyqM (Implicit)) has no valid schedule. 
2026-02-14T09:56:56.175Z [Scheduler] ERROR: Task cmldt67c0000z111kqqpuqjd9 (Node-RzX9nFJGQUs832cLVvecO--A7oR6c8 (Implicit)) has no valid schedule. 
2026-02-14T09:56:56.175Z [Scheduler] ERROR: Task cmld9p7220001oiphvqk265za (Node-RzX9nFJGQUs832cLVvecO-feptUzSG (Implicit)) has no valid schedule. 
2026-02-14T09:56:56.175Z [Scheduler] ERROR: Task cmldmj7vn001bfa2kuslvdxg3 (Node-4OtZT6m_2q7T7LpEpYoDC-HDXBylGO (Implicit)) has no valid schedule. 
2026-02-14T09:56:56.175Z [Scheduler] ERROR: Task cmldmj6st0017fa2k1q4zmo43 (Node-4OtZT6m_2q7T7LpEpYoDC-C4G9NQNE (Implicit)) has no valid schedule. 
2026-02-14T09:56:56.175Z [Scheduler] ERROR: Task cmlknpwb10025wiakirwczscq (Node-cmkkpn5lo00033e4pgigfk53z-lI_oU46X (Implicit)) has no valid schedule. 
2026-02-14T09:56:56.176Z [Scheduler] ERROR: Task cmldmjsjj001ffa2kpp8ftlze (Node-4OtZT6m_2q7T7LpEpYoDC-zklNd9pZ (Implicit)) has no valid schedule. 
2026-02-14T09:56:56.176Z [Scheduler] ERROR: Task cmldmj1uf0011fa2kycf398ef (Node-4OtZT6m_2q7T7LpEpYoDC-8IxOFrvh (Implicit)) has no valid schedule. 
2026-02-14T09:56:56.178Z [Scheduler] Scheduled task Node-cmktcphgp0013ywhh0zy6lgrp-HezwWr-A (EMAIL_SEND) (cmlg6n86j000t14l4nyowkval) with cron: 0 10 * * 1 
2026-02-14T09:56:56.178Z [Scheduler] ERROR: Task cmlksn45z000d10l312k32jj1 (Node-4OtZT6m_2q7T7LpEpYoDC-hXm206kX (Implicit)) has no valid schedule. 
2026-02-14T09:56:56.178Z [Scheduler] ERROR: Task cmlhi6r40001z14l4ij6hzkm5 (Node-cmktdmtil0015ywhhna2ejczb-G54tgXtp (Implicit)) has no valid schedule. 
2026-02-14T09:56:56.179Z [Scheduler] ERROR: Task cmlhjkwr4003f14l4dhppo5f7 (Node-cmktdmtil0015ywhhna2ejczb-4kX3mfm6 (Implicit)) has no valid schedule. 
2026-02-14T09:56:56.180Z [Scheduler] Scheduled task Node-cmktdmtil0015ywhhna2ejczb-GPR8yEEU (EMAIL_SEND) (cmljk5psd000981311w0wyifu) with cron: 0 9 * * 5 
2026-02-14T09:56:56.180Z [Scheduler] ERROR: Task cmlib72lc0007x42lz1dqjuvd (Node-cmktbirhb0001ywhh0j9z4j0q--dM9EfAR (Implicit)) has no valid schedule. 
2026-02-14T09:56:56.181Z [Scheduler] ERROR: Task cmlib72lp000bx42llyggaje3 (Node-cmktbirhb0001ywhh0j9z4j0q-G0BkWBfM (Implicit)) has no valid schedule. 
2026-02-14T09:56:56.181Z [Scheduler] ERROR: Task cmlknpzj7002fwiakoqu5uxiu (Node-cmkkpn5lo00033e4pgigfk53z-Zx7-4gto (Implicit)) has no valid schedule. 
2026-02-14T09:56:56.181Z [Scheduler] ERROR: Task cmlib7363000jx42lwzy0zl27 (Node-cmktbirhb0001ywhh0j9z4j0q-xo44U2XZ (Implicit)) has no valid schedule. 
2026-02-14T09:56:56.183Z [Scheduler] Scheduled task Node-cmktbirhb0001ywhh0j9z4j0q-MVSmqlEO (EMAIL_SEND) (cmlib7xaf000nx42l9nzmfd4b) with cron: 0 10 * * 1,3,5 
2026-02-14T09:56:56.185Z [Scheduler] Scheduled task Node-4OtZT6m_2q7T7LpEpYoDC-zklNd9pZ (EMAIL_SEND) (cmlkfalmz00178131q1siv7mv) with cron: 0 10 * * 1 
2026-02-14T09:56:56.187Z [Scheduler] Scheduled task Node-cmktdmtil0015ywhhna2ejczb-kvbQCCL7 (EMAIL_SEND) (cmlg3czsw000713zkykadru20) with cron: 0 9 * * 2 
2026-02-14T09:56:56.187Z [Scheduler] ERROR: Task cmlfqyltl002twa5gnam8nizs (Node-RzX9nFJGQUs832cLVvecO-BTNiWkbT (Implicit)) has no valid schedule. 
2026-02-14T09:56:56.187Z [Scheduler] ERROR: Task cmlib72ka0003x42l746q29o0 (Node-cmktbirhb0001ywhh0j9z4j0q-qJDbemso (Implicit)) has no valid schedule. 
2026-02-14T09:56:56.187Z [Scheduler] ERROR: Task cmljv8v3d000l8131bhw0bpub (Node-4OtZT6m_2q7T7LpEpYoDC-4irAUgpf (Implicit)) has no valid schedule. 
2026-02-14T09:56:56.187Z [Scheduler] ERROR: Task cmlib72m2000fx42lm0s3jazg (Node-cmktbirhb0001ywhh0j9z4j0q-z-khqugw (Implicit)) has no valid schedule. 
2026-02-14T09:56:56.188Z [Scheduler] ERROR: Task cmlknq6av002lwiaku3e8q93i (Node-cmkkpn5lo00033e4pgigfk53z-AfJiuv51 (Implicit)) has no valid schedule. 
2026-02-14T09:56:56.188Z [Scheduler] ERROR: Task cmlko793l002rwiak3h7sc9g6 (Node-cmkkpn5lo00033e4pgigfk53z-o3PdeQ7w (Implicit)) has no valid schedule. 
2026-02-14T09:56:56.190Z [Scheduler] Scheduled task Node-RzX9nFJGQUs832cLVvecO-4BbRgfc5 (EMAIL_SEND) (cmldruvte000110htjh6syrqn) with cron: 0 8 * * 1,2,3,4,5 
2026-02-14T09:56:56.192Z [Scheduler] Scheduled task Node-RzX9nFJGQUs832cLVvecO-mT4fz_HR (PYTHON_EXECUTE) (cmlf4afol001rdit5b7s9xm2c) with cron: 0 9 * * 1,2,3,4,5 
2026-02-14T09:56:56.196Z [Scheduler] Scheduled task Node-cmkkpn5lo00033e4pgigfk53z-1VCNHa6X (EMAIL_SEND) (cmli16dze001pbq7ao98nfsyy) with cron: 0 10 * * 5 
2026-02-14T09:56:56.199Z [Scheduler] Scheduled task Node-cmktdmtil0015ywhhna2ejczb-yMdvR5-A (EMAIL_SEND) (cmlg3cgif000513zk4sfvr5jm) with cron: 0 9 * * 3 
2026-02-14T09:56:56.199Z [Scheduler] ERROR: Task cmli18dho001rbq7a3lziknsb (Node-cmkkpn5lo00033e4pgigfk53z-ipkMB7Cy (Implicit)) has no valid schedule. 
2026-02-14T09:56:56.200Z [Scheduler] Scheduled task Node-4OtZT6m_2q7T7LpEpYoDC-C4G9NQNE (SQL_EXECUTE) (cmlktqg6b000h1mvulcamfkc3) with cron: */60 * * * * 
2026-02-14T09:56:56.201Z [Scheduler] ERROR: Task cmlgavqow001114l4ysto3g7b (Node-4OtZT6m_2q7T7LpEpYoDC-0Fi5fzy- (Implicit)) has no valid schedule. 
2026-02-14T09:56:56.201Z [Scheduler] Scheduler Service Initialized. 
2026-02-14T10:00:00.006Z [Scheduler] Executing task: Node-4OtZT6m_2q7T7LpEpYoDC-C4G9NQNE (SQL_EXECUTE) (cmlktqg6b000h1mvulcamfkc3) 
2026-02-14T10:00:00.007Z [Scheduler] ▶️ Starting task cmlktqg6b000h1mvulcamfkc3 
2026-02-14T10:00:00.061Z [Scheduler] Executing logic for type: SQL_EXECUTE 
2026-02-14T10:00:00.089Z [Scheduler] ⏱️ Task cmlktqg6b000h1mvulcamfkc3 finished in 0.1s 
2026-02-14T10:21:59.176Z [Scheduler] Initializing Scheduler Service... 
2026-02-14T10:22:03.185Z [Scheduler] Found 50 active tasks. 
2026-02-14T10:22:03.285Z [Scheduler] Scheduled task Node-RzX9nFJGQUs832cLVvecO-2k-zprv2 (EMAIL_SEND) (cmlfqtksx002bwa5gn41ezd6s) with cron: 0 9 * * 1 
2026-02-14T10:22:03.288Z [Scheduler] ERROR: Task cmlepnx3n000vbda046iru4fn (Node-RzX9nFJGQUs832cLVvecO-KhDnEWg8 (Implicit)) has no valid schedule. 
2026-02-14T10:22:03.288Z [Scheduler] ERROR: Task cmlfrxih4003fwa5gn8mfze3l (Node-RzX9nFJGQUs832cLVvecO-ZwOVHdd4 (Implicit)) has no valid schedule. 
2026-02-14T10:22:03.288Z [Scheduler] ERROR: Task cmld9p7f30005oiphuvncs7mi (Node-RzX9nFJGQUs832cLVvecO-t4m_jbLn (Implicit)) has no valid schedule. 
2026-02-14T10:22:03.289Z [Scheduler] ERROR: Task cmldqo64z001bpdr6d0qlhgvj (Node-RzX9nFJGQUs832cLVvecO-P7OJwQA4 (Implicit)) has no valid schedule. 
2026-02-14T10:22:03.289Z [Scheduler] ERROR: Task cmldmixbz000xfa2ksq4gvf6g (Node-4OtZT6m_2q7T7LpEpYoDC-KlyDG-Eu (Implicit)) has no valid schedule. 
2026-02-14T10:22:03.289Z [Scheduler] ERROR: Task cmldqnzwv000zpdr6kz80c3lw (Node-RzX9nFJGQUs832cLVvecO-fVagNTtd (Implicit)) has no valid schedule. 
2026-02-14T10:22:03.289Z [Scheduler] ERROR: Task cmlfkc5wz006hdit5cytmb9hf (Node-RzX9nFJGQUs832cLVvecO-7m6E7fwp (Implicit)) has no valid schedule. 
2026-02-14T10:22:03.290Z [Scheduler] ERROR: Task cmld9p7hx000doiphizuje6a1 (Node-RzX9nFJGQUs832cLVvecO-3NtNCoMB (Implicit)) has no valid schedule. 
2026-02-14T10:22:03.290Z [Scheduler] ERROR: Task cmld9p7220001oiphvqk265za (Node-RzX9nFJGQUs832cLVvecO-feptUzSG (Implicit)) has no valid schedule. 
2026-02-14T10:22:03.290Z [Scheduler] ERROR: Task cmldt66tx000p111kkrbywmyo (Node-RzX9nFJGQUs832cLVvecO-mT4fz_HR (Implicit)) has no valid schedule. 
2026-02-14T10:22:03.290Z [Scheduler] ERROR: Task cmld9p7gg0009oiph3vlqb72l (Node-RzX9nFJGQUs832cLVvecO-wC6CRuv7 (Implicit)) has no valid schedule. 
2026-02-14T10:22:03.290Z [Scheduler] ERROR: Task cmled52960009fi5pm23i9doj (Node-RzX9nFJGQUs832cLVvecO-_CwXg6oQ (Implicit)) has no valid schedule. 
2026-02-14T10:22:03.290Z [Scheduler] ERROR: Task cmldqo5400017pdr66boem8xk (Node-RzX9nFJGQUs832cLVvecO-2QH20NyR (Implicit)) has no valid schedule. 
2026-02-14T10:22:03.292Z [Scheduler] ERROR: Task cmld9p9v9000roiph52ujcca6 (Node-RzX9nFJGQUs832cLVvecO-9LiHu3E2 (Implicit)) has no valid schedule. 
2026-02-14T10:22:03.292Z [Scheduler] ERROR: Task cmld9p9te000joiphgudr3ej8 (Node-RzX9nFJGQUs832cLVvecO-NC9jpnnG (Implicit)) has no valid schedule. 
2026-02-14T10:22:03.295Z [Scheduler] Scheduled task Node-RzX9nFJGQUs832cLVvecO-vKJhk8mI (EMAIL_SEND) (cmlfskvf9004lwa5gnvnog499) with cron: 0 9 * * 1,5 
2026-02-14T10:22:03.296Z [Scheduler] ERROR: Task cmld9p9uy000noiphe0lqvmoh (Node-RzX9nFJGQUs832cLVvecO-gye2BUuO (Implicit)) has no valid schedule. 
2026-02-14T10:22:03.297Z [Scheduler] ERROR: Task cmlfs96ku003rwa5g24rjvm9a (Node-RzX9nFJGQUs832cLVvecO-gw4dLyqM (Implicit)) has no valid schedule. 
2026-02-14T10:22:03.297Z [Scheduler] ERROR: Task cmldt67c0000z111kqqpuqjd9 (Node-RzX9nFJGQUs832cLVvecO--A7oR6c8 (Implicit)) has no valid schedule. 
2026-02-14T10:22:03.297Z [Scheduler] ERROR: Task cmldmj7vn001bfa2kuslvdxg3 (Node-4OtZT6m_2q7T7LpEpYoDC-HDXBylGO (Implicit)) has no valid schedule. 
2026-02-14T10:22:03.298Z [Scheduler] ERROR: Task cmldmj6st0017fa2k1q4zmo43 (Node-4OtZT6m_2q7T7LpEpYoDC-C4G9NQNE (Implicit)) has no valid schedule. 
2026-02-14T10:22:03.298Z [Scheduler] ERROR: Task cmlknpwb10025wiakirwczscq (Node-cmkkpn5lo00033e4pgigfk53z-lI_oU46X (Implicit)) has no valid schedule. 
2026-02-14T10:22:03.298Z [Scheduler] ERROR: Task cmldmjsjj001ffa2kpp8ftlze (Node-4OtZT6m_2q7T7LpEpYoDC-zklNd9pZ (Implicit)) has no valid schedule. 
2026-02-14T10:22:03.298Z [Scheduler] ERROR: Task cmldmj1uf0011fa2kycf398ef (Node-4OtZT6m_2q7T7LpEpYoDC-8IxOFrvh (Implicit)) has no valid schedule. 
2026-02-14T10:22:03.300Z [Scheduler] Scheduled task Node-cmktcphgp0013ywhh0zy6lgrp-HezwWr-A (EMAIL_SEND) (cmlg6n86j000t14l4nyowkval) with cron: 0 10 * * 1 
2026-02-14T10:22:03.301Z [Scheduler] ERROR: Task cmlksn45z000d10l312k32jj1 (Node-4OtZT6m_2q7T7LpEpYoDC-hXm206kX (Implicit)) has no valid schedule. 
2026-02-14T10:22:03.301Z [Scheduler] ERROR: Task cmlhi6r40001z14l4ij6hzkm5 (Node-cmktdmtil0015ywhhna2ejczb-G54tgXtp (Implicit)) has no valid schedule. 
2026-02-14T10:22:03.301Z [Scheduler] ERROR: Task cmlhjkwr4003f14l4dhppo5f7 (Node-cmktdmtil0015ywhhna2ejczb-4kX3mfm6 (Implicit)) has no valid schedule. 
2026-02-14T10:22:03.304Z [Scheduler] Scheduled task Node-cmktdmtil0015ywhhna2ejczb-GPR8yEEU (EMAIL_SEND) (cmljk5psd000981311w0wyifu) with cron: 0 9 * * 5 
2026-02-14T10:22:03.304Z [Scheduler] ERROR: Task cmlib72lc0007x42lz1dqjuvd (Node-cmktbirhb0001ywhh0j9z4j0q--dM9EfAR (Implicit)) has no valid schedule. 
2026-02-14T10:22:03.304Z [Scheduler] ERROR: Task cmlib72lp000bx42llyggaje3 (Node-cmktbirhb0001ywhh0j9z4j0q-G0BkWBfM (Implicit)) has no valid schedule. 
2026-02-14T10:22:03.305Z [Scheduler] ERROR: Task cmlknpzj7002fwiakoqu5uxiu (Node-cmkkpn5lo00033e4pgigfk53z-Zx7-4gto (Implicit)) has no valid schedule. 
2026-02-14T10:22:03.305Z [Scheduler] ERROR: Task cmlib7363000jx42lwzy0zl27 (Node-cmktbirhb0001ywhh0j9z4j0q-xo44U2XZ (Implicit)) has no valid schedule. 
2026-02-14T10:22:03.307Z [Scheduler] Scheduled task Node-cmktbirhb0001ywhh0j9z4j0q-MVSmqlEO (EMAIL_SEND) (cmlib7xaf000nx42l9nzmfd4b) with cron: 0 10 * * 1,3,5 
2026-02-14T10:22:03.309Z [Scheduler] Scheduled task Node-4OtZT6m_2q7T7LpEpYoDC-zklNd9pZ (EMAIL_SEND) (cmlkfalmz00178131q1siv7mv) with cron: 0 10 * * 1 
2026-02-14T10:22:03.312Z [Scheduler] Scheduled task Node-cmktdmtil0015ywhhna2ejczb-kvbQCCL7 (EMAIL_SEND) (cmlg3czsw000713zkykadru20) with cron: 0 9 * * 2 
2026-02-14T10:22:03.312Z [Scheduler] ERROR: Task cmlfqyltl002twa5gnam8nizs (Node-RzX9nFJGQUs832cLVvecO-BTNiWkbT (Implicit)) has no valid schedule. 
2026-02-14T10:22:03.312Z [Scheduler] ERROR: Task cmlib72ka0003x42l746q29o0 (Node-cmktbirhb0001ywhh0j9z4j0q-qJDbemso (Implicit)) has no valid schedule. 
2026-02-14T10:22:03.312Z [Scheduler] ERROR: Task cmljv8v3d000l8131bhw0bpub (Node-4OtZT6m_2q7T7LpEpYoDC-4irAUgpf (Implicit)) has no valid schedule. 
2026-02-14T10:22:03.312Z [Scheduler] ERROR: Task cmlib72m2000fx42lm0s3jazg (Node-cmktbirhb0001ywhh0j9z4j0q-z-khqugw (Implicit)) has no valid schedule. 
2026-02-14T10:22:03.312Z [Scheduler] ERROR: Task cmlknq6av002lwiaku3e8q93i (Node-cmkkpn5lo00033e4pgigfk53z-AfJiuv51 (Implicit)) has no valid schedule. 
2026-02-14T10:22:03.313Z [Scheduler] ERROR: Task cmlko793l002rwiak3h7sc9g6 (Node-cmkkpn5lo00033e4pgigfk53z-o3PdeQ7w (Implicit)) has no valid schedule. 
2026-02-14T10:22:03.314Z [Scheduler] Scheduled task Node-RzX9nFJGQUs832cLVvecO-4BbRgfc5 (EMAIL_SEND) (cmldruvte000110htjh6syrqn) with cron: 0 8 * * 1,2,3,4,5 
2026-02-14T10:22:03.316Z [Scheduler] Scheduled task Node-RzX9nFJGQUs832cLVvecO-mT4fz_HR (PYTHON_EXECUTE) (cmlf4afol001rdit5b7s9xm2c) with cron: 0 9 * * 1,2,3,4,5 
2026-02-14T10:22:03.318Z [Scheduler] Scheduled task Node-cmkkpn5lo00033e4pgigfk53z-1VCNHa6X (EMAIL_SEND) (cmli16dze001pbq7ao98nfsyy) with cron: 0 10 * * 5 
2026-02-14T10:22:03.322Z [Scheduler] Scheduled task Node-cmktdmtil0015ywhhna2ejczb-yMdvR5-A (EMAIL_SEND) (cmlg3cgif000513zk4sfvr5jm) with cron: 0 9 * * 3 
2026-02-14T10:22:03.323Z [Scheduler] ERROR: Task cmli18dho001rbq7a3lziknsb (Node-cmkkpn5lo00033e4pgigfk53z-ipkMB7Cy (Implicit)) has no valid schedule. 
2026-02-14T10:22:03.324Z [Scheduler] Scheduled task Node-4OtZT6m_2q7T7LpEpYoDC-C4G9NQNE (SQL_EXECUTE) (cmlktqg6b000h1mvulcamfkc3) with cron: */60 * * * * 
2026-02-14T10:22:03.324Z [Scheduler] ERROR: Task cmlgavqow001114l4ysto3g7b (Node-4OtZT6m_2q7T7LpEpYoDC-0Fi5fzy- (Implicit)) has no valid schedule. 
2026-02-14T10:22:03.324Z [Scheduler] Scheduler Service Initialized. 
2026-02-14T10:33:23.046Z [Scheduler] Initializing Scheduler Service... 
2026-02-14T10:33:26.936Z [Scheduler] Found 50 active tasks. 
2026-02-14T10:33:26.983Z [Scheduler] Scheduled task Node-RzX9nFJGQUs832cLVvecO-2k-zprv2 (EMAIL_SEND) (cmlfqtksx002bwa5gn41ezd6s) with cron: 0 9 * * 1 
2026-02-14T10:33:26.984Z [Scheduler] ERROR: Task cmlepnx3n000vbda046iru4fn (Node-RzX9nFJGQUs832cLVvecO-KhDnEWg8 (Implicit)) has no valid schedule. 
2026-02-14T10:33:26.984Z [Scheduler] ERROR: Task cmlfrxih4003fwa5gn8mfze3l (Node-RzX9nFJGQUs832cLVvecO-ZwOVHdd4 (Implicit)) has no valid schedule. 
2026-02-14T10:33:26.984Z [Scheduler] ERROR: Task cmldqo64z001bpdr6d0qlhgvj (Node-RzX9nFJGQUs832cLVvecO-P7OJwQA4 (Implicit)) has no valid schedule. 
2026-02-14T10:33:26.984Z [Scheduler] ERROR: Task cmldmixbz000xfa2ksq4gvf6g (Node-4OtZT6m_2q7T7LpEpYoDC-KlyDG-Eu (Implicit)) has no valid schedule. 
2026-02-14T10:33:26.984Z [Scheduler] ERROR: Task cmldqnzwv000zpdr6kz80c3lw (Node-RzX9nFJGQUs832cLVvecO-fVagNTtd (Implicit)) has no valid schedule. 
2026-02-14T10:33:26.985Z [Scheduler] ERROR: Task cmlfkc5wz006hdit5cytmb9hf (Node-RzX9nFJGQUs832cLVvecO-7m6E7fwp (Implicit)) has no valid schedule. 
2026-02-14T10:33:26.985Z [Scheduler] ERROR: Task cmld9p7hx000doiphizuje6a1 (Node-RzX9nFJGQUs832cLVvecO-3NtNCoMB (Implicit)) has no valid schedule. 
2026-02-14T10:33:26.985Z [Scheduler] ERROR: Task cmld9p7f30005oiphuvncs7mi (Node-RzX9nFJGQUs832cLVvecO-t4m_jbLn (Implicit)) has no valid schedule. 
2026-02-14T10:33:26.985Z [Scheduler] ERROR: Task cmldt66tx000p111kkrbywmyo (Node-RzX9nFJGQUs832cLVvecO-mT4fz_HR (Implicit)) has no valid schedule. 
2026-02-14T10:33:26.985Z [Scheduler] ERROR: Task cmld9p7gg0009oiph3vlqb72l (Node-RzX9nFJGQUs832cLVvecO-wC6CRuv7 (Implicit)) has no valid schedule. 
2026-02-14T10:33:26.985Z [Scheduler] ERROR: Task cmled52960009fi5pm23i9doj (Node-RzX9nFJGQUs832cLVvecO-_CwXg6oQ (Implicit)) has no valid schedule. 
2026-02-14T10:33:26.986Z [Scheduler] ERROR: Task cmldqo5400017pdr66boem8xk (Node-RzX9nFJGQUs832cLVvecO-2QH20NyR (Implicit)) has no valid schedule. 
2026-02-14T10:33:26.986Z [Scheduler] ERROR: Task cmld9p9v9000roiph52ujcca6 (Node-RzX9nFJGQUs832cLVvecO-9LiHu3E2 (Implicit)) has no valid schedule. 
2026-02-14T10:33:26.986Z [Scheduler] ERROR: Task cmld9p9te000joiphgudr3ej8 (Node-RzX9nFJGQUs832cLVvecO-NC9jpnnG (Implicit)) has no valid schedule. 
2026-02-14T10:33:26.988Z [Scheduler] Scheduled task Node-RzX9nFJGQUs832cLVvecO-vKJhk8mI (EMAIL_SEND) (cmlfskvf9004lwa5gnvnog499) with cron: 0 9 * * 1,5 
2026-02-14T10:33:26.988Z [Scheduler] ERROR: Task cmld9p9uy000noiphe0lqvmoh (Node-RzX9nFJGQUs832cLVvecO-gye2BUuO (Implicit)) has no valid schedule. 
2026-02-14T10:33:26.989Z [Scheduler] ERROR: Task cmlfs96ku003rwa5g24rjvm9a (Node-RzX9nFJGQUs832cLVvecO-gw4dLyqM (Implicit)) has no valid schedule. 
2026-02-14T10:33:26.989Z [Scheduler] ERROR: Task cmldt67c0000z111kqqpuqjd9 (Node-RzX9nFJGQUs832cLVvecO--A7oR6c8 (Implicit)) has no valid schedule. 
2026-02-14T10:33:26.989Z [Scheduler] ERROR: Task cmld9p7220001oiphvqk265za (Node-RzX9nFJGQUs832cLVvecO-feptUzSG (Implicit)) has no valid schedule. 
2026-02-14T10:33:26.989Z [Scheduler] ERROR: Task cmldmj7vn001bfa2kuslvdxg3 (Node-4OtZT6m_2q7T7LpEpYoDC-HDXBylGO (Implicit)) has no valid schedule. 
2026-02-14T10:33:26.989Z [Scheduler] ERROR: Task cmldmj6st0017fa2k1q4zmo43 (Node-4OtZT6m_2q7T7LpEpYoDC-C4G9NQNE (Implicit)) has no valid schedule. 
2026-02-14T10:33:26.989Z [Scheduler] ERROR: Task cmlknpwb10025wiakirwczscq (Node-cmkkpn5lo00033e4pgigfk53z-lI_oU46X (Implicit)) has no valid schedule. 
2026-02-14T10:33:26.990Z [Scheduler] ERROR: Task cmldmjsjj001ffa2kpp8ftlze (Node-4OtZT6m_2q7T7LpEpYoDC-zklNd9pZ (Implicit)) has no valid schedule. 
2026-02-14T10:33:26.990Z [Scheduler] ERROR: Task cmldmj1uf0011fa2kycf398ef (Node-4OtZT6m_2q7T7LpEpYoDC-8IxOFrvh (Implicit)) has no valid schedule. 
2026-02-14T10:33:26.992Z [Scheduler] Scheduled task Node-cmktcphgp0013ywhh0zy6lgrp-HezwWr-A (EMAIL_SEND) (cmlg6n86j000t14l4nyowkval) with cron: 0 10 * * 1 
2026-02-14T10:33:26.992Z [Scheduler] ERROR: Task cmlksn45z000d10l312k32jj1 (Node-4OtZT6m_2q7T7LpEpYoDC-hXm206kX (Implicit)) has no valid schedule. 
2026-02-14T10:33:26.993Z [Scheduler] ERROR: Task cmlhi6r40001z14l4ij6hzkm5 (Node-cmktdmtil0015ywhhna2ejczb-G54tgXtp (Implicit)) has no valid schedule. 
2026-02-14T10:33:26.993Z [Scheduler] ERROR: Task cmlhjkwr4003f14l4dhppo5f7 (Node-cmktdmtil0015ywhhna2ejczb-4kX3mfm6 (Implicit)) has no valid schedule. 
2026-02-14T10:33:26.995Z [Scheduler] Scheduled task Node-cmktdmtil0015ywhhna2ejczb-GPR8yEEU (EMAIL_SEND) (cmljk5psd000981311w0wyifu) with cron: 0 9 * * 5 
2026-02-14T10:33:26.996Z [Scheduler] ERROR: Task cmlib72lc0007x42lz1dqjuvd (Node-cmktbirhb0001ywhh0j9z4j0q--dM9EfAR (Implicit)) has no valid schedule. 
2026-02-14T10:33:26.996Z [Scheduler] ERROR: Task cmlib72lp000bx42llyggaje3 (Node-cmktbirhb0001ywhh0j9z4j0q-G0BkWBfM (Implicit)) has no valid schedule. 
2026-02-14T10:33:26.997Z [Scheduler] ERROR: Task cmlknpzj7002fwiakoqu5uxiu (Node-cmkkpn5lo00033e4pgigfk53z-Zx7-4gto (Implicit)) has no valid schedule. 
2026-02-14T10:33:26.998Z [Scheduler] ERROR: Task cmlib7363000jx42lwzy0zl27 (Node-cmktbirhb0001ywhh0j9z4j0q-xo44U2XZ (Implicit)) has no valid schedule. 
2026-02-14T10:33:27.000Z [Scheduler] Scheduled task Node-cmktbirhb0001ywhh0j9z4j0q-MVSmqlEO (EMAIL_SEND) (cmlib7xaf000nx42l9nzmfd4b) with cron: 0 10 * * 1,3,5 
2026-02-14T10:33:27.002Z [Scheduler] Scheduled task Node-4OtZT6m_2q7T7LpEpYoDC-zklNd9pZ (EMAIL_SEND) (cmlkfalmz00178131q1siv7mv) with cron: 0 10 * * 1 
2026-02-14T10:33:27.004Z [Scheduler] Scheduled task Node-cmktdmtil0015ywhhna2ejczb-kvbQCCL7 (EMAIL_SEND) (cmlg3czsw000713zkykadru20) with cron: 0 9 * * 2 
2026-02-14T10:33:27.004Z [Scheduler] ERROR: Task cmlfqyltl002twa5gnam8nizs (Node-RzX9nFJGQUs832cLVvecO-BTNiWkbT (Implicit)) has no valid schedule. 
2026-02-14T10:33:27.005Z [Scheduler] ERROR: Task cmlib72ka0003x42l746q29o0 (Node-cmktbirhb0001ywhh0j9z4j0q-qJDbemso (Implicit)) has no valid schedule. 
2026-02-14T10:33:27.005Z [Scheduler] ERROR: Task cmljv8v3d000l8131bhw0bpub (Node-4OtZT6m_2q7T7LpEpYoDC-4irAUgpf (Implicit)) has no valid schedule. 
2026-02-14T10:33:27.005Z [Scheduler] ERROR: Task cmlib72m2000fx42lm0s3jazg (Node-cmktbirhb0001ywhh0j9z4j0q-z-khqugw (Implicit)) has no valid schedule. 
2026-02-14T10:33:27.005Z [Scheduler] ERROR: Task cmlknq6av002lwiaku3e8q93i (Node-cmkkpn5lo00033e4pgigfk53z-AfJiuv51 (Implicit)) has no valid schedule. 
2026-02-14T10:33:27.005Z [Scheduler] ERROR: Task cmlko793l002rwiak3h7sc9g6 (Node-cmkkpn5lo00033e4pgigfk53z-o3PdeQ7w (Implicit)) has no valid schedule. 
2026-02-14T10:33:27.007Z [Scheduler] Scheduled task Node-RzX9nFJGQUs832cLVvecO-4BbRgfc5 (EMAIL_SEND) (cmldruvte000110htjh6syrqn) with cron: 0 8 * * 1,2,3,4,5 
2026-02-14T10:33:27.009Z [Scheduler] Scheduled task Node-RzX9nFJGQUs832cLVvecO-mT4fz_HR (PYTHON_EXECUTE) (cmlf4afol001rdit5b7s9xm2c) with cron: 0 9 * * 1,2,3,4,5 
2026-02-14T10:33:27.011Z [Scheduler] Scheduled task Node-cmkkpn5lo00033e4pgigfk53z-1VCNHa6X (EMAIL_SEND) (cmli16dze001pbq7ao98nfsyy) with cron: 0 10 * * 5 
2026-02-14T10:33:27.014Z [Scheduler] Scheduled task Node-cmktdmtil0015ywhhna2ejczb-yMdvR5-A (EMAIL_SEND) (cmlg3cgif000513zk4sfvr5jm) with cron: 0 9 * * 3 
2026-02-14T10:33:27.014Z [Scheduler] ERROR: Task cmli18dho001rbq7a3lziknsb (Node-cmkkpn5lo00033e4pgigfk53z-ipkMB7Cy (Implicit)) has no valid schedule. 
2026-02-14T10:33:27.016Z [Scheduler] Scheduled task Node-4OtZT6m_2q7T7LpEpYoDC-C4G9NQNE (SQL_EXECUTE) (cmlktqg6b000h1mvulcamfkc3) with cron: */60 * * * * 
2026-02-14T10:33:27.016Z [Scheduler] ERROR: Task cmlgavqow001114l4ysto3g7b (Node-4OtZT6m_2q7T7LpEpYoDC-0Fi5fzy- (Implicit)) has no valid schedule. 
2026-02-14T10:33:27.016Z [Scheduler] Scheduler Service Initialized. 
2026-02-14T11:00:00.025Z [Scheduler] Executing task: Node-4OtZT6m_2q7T7LpEpYoDC-C4G9NQNE (SQL_EXECUTE) (cmlktqg6b000h1mvulcamfkc3) 
2026-02-14T11:00:00.026Z [Scheduler] ▶️ Starting task cmlktqg6b000h1mvulcamfkc3 
2026-02-14T11:00:00.095Z [Scheduler] Executing logic for type: SQL_EXECUTE 
2026-02-14T11:00:00.112Z [Scheduler] ⏱️ Task cmlktqg6b000h1mvulcamfkc3 finished in 0.1s 
2026-02-14T12:00:00.020Z [Scheduler] Executing task: Node-4OtZT6m_2q7T7LpEpYoDC-C4G9NQNE (SQL_EXECUTE) (cmlktqg6b000h1mvulcamfkc3) 
2026-02-14T12:00:00.020Z [Scheduler] ▶️ Starting task cmlktqg6b000h1mvulcamfkc3 
2026-02-14T12:00:00.041Z [Scheduler] Executing logic for type: SQL_EXECUTE 
2026-02-14T12:00:00.058Z [Scheduler] ⏱️ Task cmlktqg6b000h1mvulcamfkc3 finished in 0.0s 
2026-02-14T12:10:37.447Z [Scheduler] Initializing Scheduler Service... 
2026-02-14T12:10:40.997Z [Scheduler] Found 50 active tasks. 
2026-02-14T12:10:41.077Z [Scheduler] Scheduled task Node-RzX9nFJGQUs832cLVvecO-2k-zprv2 (EMAIL_SEND) (cmlfqtksx002bwa5gn41ezd6s) with cron: 0 9 * * 1 
2026-02-14T12:10:41.077Z [Scheduler] ERROR: Task cmlepnx3n000vbda046iru4fn (Node-RzX9nFJGQUs832cLVvecO-KhDnEWg8 (Implicit)) has no valid schedule. 
2026-02-14T12:10:41.077Z [Scheduler] ERROR: Task cmlfrxih4003fwa5gn8mfze3l (Node-RzX9nFJGQUs832cLVvecO-ZwOVHdd4 (Implicit)) has no valid schedule. 
2026-02-14T12:10:41.078Z [Scheduler] ERROR: Task cmld9p7f30005oiphuvncs7mi (Node-RzX9nFJGQUs832cLVvecO-t4m_jbLn (Implicit)) has no valid schedule. 
2026-02-14T12:10:41.078Z [Scheduler] ERROR: Task cmldqo64z001bpdr6d0qlhgvj (Node-RzX9nFJGQUs832cLVvecO-P7OJwQA4 (Implicit)) has no valid schedule. 
2026-02-14T12:10:41.078Z [Scheduler] ERROR: Task cmldmixbz000xfa2ksq4gvf6g (Node-4OtZT6m_2q7T7LpEpYoDC-KlyDG-Eu (Implicit)) has no valid schedule. 
2026-02-14T12:10:41.078Z [Scheduler] ERROR: Task cmldqnzwv000zpdr6kz80c3lw (Node-RzX9nFJGQUs832cLVvecO-fVagNTtd (Implicit)) has no valid schedule. 
2026-02-14T12:10:41.078Z [Scheduler] ERROR: Task cmlfkc5wz006hdit5cytmb9hf (Node-RzX9nFJGQUs832cLVvecO-7m6E7fwp (Implicit)) has no valid schedule. 
2026-02-14T12:10:41.078Z [Scheduler] ERROR: Task cmld9p7hx000doiphizuje6a1 (Node-RzX9nFJGQUs832cLVvecO-3NtNCoMB (Implicit)) has no valid schedule. 
2026-02-14T12:10:41.078Z [Scheduler] ERROR: Task cmld9p7220001oiphvqk265za (Node-RzX9nFJGQUs832cLVvecO-feptUzSG (Implicit)) has no valid schedule. 
2026-02-14T12:10:41.079Z [Scheduler] ERROR: Task cmldt66tx000p111kkrbywmyo (Node-RzX9nFJGQUs832cLVvecO-mT4fz_HR (Implicit)) has no valid schedule. 
2026-02-14T12:10:41.079Z [Scheduler] ERROR: Task cmld9p7gg0009oiph3vlqb72l (Node-RzX9nFJGQUs832cLVvecO-wC6CRuv7 (Implicit)) has no valid schedule. 
2026-02-14T12:10:41.079Z [Scheduler] ERROR: Task cmled52960009fi5pm23i9doj (Node-RzX9nFJGQUs832cLVvecO-_CwXg6oQ (Implicit)) has no valid schedule. 
2026-02-14T12:10:41.079Z [Scheduler] ERROR: Task cmldqo5400017pdr66boem8xk (Node-RzX9nFJGQUs832cLVvecO-2QH20NyR (Implicit)) has no valid schedule. 
2026-02-14T12:10:41.079Z [Scheduler] ERROR: Task cmld9p9v9000roiph52ujcca6 (Node-RzX9nFJGQUs832cLVvecO-9LiHu3E2 (Implicit)) has no valid schedule. 
2026-02-14T12:10:41.079Z [Scheduler] ERROR: Task cmld9p9te000joiphgudr3ej8 (Node-RzX9nFJGQUs832cLVvecO-NC9jpnnG (Implicit)) has no valid schedule. 
2026-02-14T12:10:41.081Z [Scheduler] Scheduled task Node-RzX9nFJGQUs832cLVvecO-vKJhk8mI (EMAIL_SEND) (cmlfskvf9004lwa5gnvnog499) with cron: 0 9 * * 1,5 
2026-02-14T12:10:41.081Z [Scheduler] ERROR: Task cmld9p9uy000noiphe0lqvmoh (Node-RzX9nFJGQUs832cLVvecO-gye2BUuO (Implicit)) has no valid schedule. 
2026-02-14T12:10:41.082Z [Scheduler] ERROR: Task cmlfs96ku003rwa5g24rjvm9a (Node-RzX9nFJGQUs832cLVvecO-gw4dLyqM (Implicit)) has no valid schedule. 
2026-02-14T12:10:41.082Z [Scheduler] ERROR: Task cmldt67c0000z111kqqpuqjd9 (Node-RzX9nFJGQUs832cLVvecO--A7oR6c8 (Implicit)) has no valid schedule. 
2026-02-14T12:10:41.082Z [Scheduler] ERROR: Task cmldmj7vn001bfa2kuslvdxg3 (Node-4OtZT6m_2q7T7LpEpYoDC-HDXBylGO (Implicit)) has no valid schedule. 
2026-02-14T12:10:41.082Z [Scheduler] ERROR: Task cmldmj6st0017fa2k1q4zmo43 (Node-4OtZT6m_2q7T7LpEpYoDC-C4G9NQNE (Implicit)) has no valid schedule. 
2026-02-14T12:10:41.082Z [Scheduler] ERROR: Task cmlknpwb10025wiakirwczscq (Node-cmkkpn5lo00033e4pgigfk53z-lI_oU46X (Implicit)) has no valid schedule. 
2026-02-14T12:10:41.082Z [Scheduler] ERROR: Task cmldmjsjj001ffa2kpp8ftlze (Node-4OtZT6m_2q7T7LpEpYoDC-zklNd9pZ (Implicit)) has no valid schedule. 
2026-02-14T12:10:41.083Z [Scheduler] ERROR: Task cmldmj1uf0011fa2kycf398ef (Node-4OtZT6m_2q7T7LpEpYoDC-8IxOFrvh (Implicit)) has no valid schedule. 
2026-02-14T12:10:41.085Z [Scheduler] Scheduled task Node-cmktcphgp0013ywhh0zy6lgrp-HezwWr-A (EMAIL_SEND) (cmlg6n86j000t14l4nyowkval) with cron: 0 10 * * 1 
2026-02-14T12:10:41.086Z [Scheduler] ERROR: Task cmlksn45z000d10l312k32jj1 (Node-4OtZT6m_2q7T7LpEpYoDC-hXm206kX (Implicit)) has no valid schedule. 
2026-02-14T12:10:41.086Z [Scheduler] ERROR: Task cmlhi6r40001z14l4ij6hzkm5 (Node-cmktdmtil0015ywhhna2ejczb-G54tgXtp (Implicit)) has no valid schedule. 
2026-02-14T12:10:41.086Z [Scheduler] ERROR: Task cmlhjkwr4003f14l4dhppo5f7 (Node-cmktdmtil0015ywhhna2ejczb-4kX3mfm6 (Implicit)) has no valid schedule. 
2026-02-14T12:10:41.088Z [Scheduler] Scheduled task Node-cmktdmtil0015ywhhna2ejczb-GPR8yEEU (EMAIL_SEND) (cmljk5psd000981311w0wyifu) with cron: 0 9 * * 5 
2026-02-14T12:10:41.088Z [Scheduler] ERROR: Task cmlib72lc0007x42lz1dqjuvd (Node-cmktbirhb0001ywhh0j9z4j0q--dM9EfAR (Implicit)) has no valid schedule. 
2026-02-14T12:10:41.089Z [Scheduler] ERROR: Task cmlib72lp000bx42llyggaje3 (Node-cmktbirhb0001ywhh0j9z4j0q-G0BkWBfM (Implicit)) has no valid schedule. 
2026-02-14T12:10:41.089Z [Scheduler] ERROR: Task cmlknpzj7002fwiakoqu5uxiu (Node-cmkkpn5lo00033e4pgigfk53z-Zx7-4gto (Implicit)) has no valid schedule. 
2026-02-14T12:10:41.090Z [Scheduler] ERROR: Task cmlib7363000jx42lwzy0zl27 (Node-cmktbirhb0001ywhh0j9z4j0q-xo44U2XZ (Implicit)) has no valid schedule. 
2026-02-14T12:10:41.109Z [Scheduler] Scheduled task Node-cmktbirhb0001ywhh0j9z4j0q-MVSmqlEO (EMAIL_SEND) (cmlib7xaf000nx42l9nzmfd4b) with cron: 0 10 * * 1,3,5 
2026-02-14T12:10:41.121Z [Scheduler] Scheduled task Node-4OtZT6m_2q7T7LpEpYoDC-zklNd9pZ (EMAIL_SEND) (cmlkfalmz00178131q1siv7mv) with cron: 0 10 * * 1 
2026-02-14T12:10:41.133Z [Scheduler] Scheduled task Node-cmktdmtil0015ywhhna2ejczb-kvbQCCL7 (EMAIL_SEND) (cmlg3czsw000713zkykadru20) with cron: 0 9 * * 2 
2026-02-14T12:10:41.133Z [Scheduler] ERROR: Task cmlfqyltl002twa5gnam8nizs (Node-RzX9nFJGQUs832cLVvecO-BTNiWkbT (Implicit)) has no valid schedule. 
2026-02-14T12:10:41.134Z [Scheduler] ERROR: Task cmlib72ka0003x42l746q29o0 (Node-cmktbirhb0001ywhh0j9z4j0q-qJDbemso (Implicit)) has no valid schedule. 
2026-02-14T12:10:41.134Z [Scheduler] ERROR: Task cmljv8v3d000l8131bhw0bpub (Node-4OtZT6m_2q7T7LpEpYoDC-4irAUgpf (Implicit)) has no valid schedule. 
2026-02-14T12:10:41.134Z [Scheduler] ERROR: Task cmlib72m2000fx42lm0s3jazg (Node-cmktbirhb0001ywhh0j9z4j0q-z-khqugw (Implicit)) has no valid schedule. 
2026-02-14T12:10:41.134Z [Scheduler] ERROR: Task cmlknq6av002lwiaku3e8q93i (Node-cmkkpn5lo00033e4pgigfk53z-AfJiuv51 (Implicit)) has no valid schedule. 
2026-02-14T12:10:41.134Z [Scheduler] ERROR: Task cmlko793l002rwiak3h7sc9g6 (Node-cmkkpn5lo00033e4pgigfk53z-o3PdeQ7w (Implicit)) has no valid schedule. 
2026-02-14T12:10:41.137Z [Scheduler] Scheduled task Node-RzX9nFJGQUs832cLVvecO-4BbRgfc5 (EMAIL_SEND) (cmldruvte000110htjh6syrqn) with cron: 0 8 * * 1,2,3,4,5 
2026-02-14T12:10:41.144Z [Scheduler] Scheduled task Node-RzX9nFJGQUs832cLVvecO-mT4fz_HR (PYTHON_EXECUTE) (cmlf4afol001rdit5b7s9xm2c) with cron: 0 9 * * 1,2,3,4,5 
2026-02-14T12:10:41.146Z [Scheduler] Scheduled task Node-cmkkpn5lo00033e4pgigfk53z-1VCNHa6X (EMAIL_SEND) (cmli16dze001pbq7ao98nfsyy) with cron: 0 10 * * 5 
2026-02-14T12:10:41.148Z [Scheduler] Scheduled task Node-cmktdmtil0015ywhhna2ejczb-yMdvR5-A (EMAIL_SEND) (cmlg3cgif000513zk4sfvr5jm) with cron: 0 9 * * 3 
2026-02-14T12:10:41.149Z [Scheduler] ERROR: Task cmli18dho001rbq7a3lziknsb (Node-cmkkpn5lo00033e4pgigfk53z-ipkMB7Cy (Implicit)) has no valid schedule. 
2026-02-14T12:10:41.151Z [Scheduler] Scheduled task Node-4OtZT6m_2q7T7LpEpYoDC-C4G9NQNE (SQL_EXECUTE) (cmlktqg6b000h1mvulcamfkc3) with cron: */60 * * * * 
2026-02-14T12:10:41.152Z [Scheduler] ERROR: Task cmlgavqow001114l4ysto3g7b (Node-4OtZT6m_2q7T7LpEpYoDC-0Fi5fzy- (Implicit)) has no valid schedule. 
2026-02-14T12:10:41.152Z [Scheduler] Scheduler Service Initialized. 
2026-02-14T13:00:00.022Z [Scheduler] Executing task: Node-4OtZT6m_2q7T7LpEpYoDC-C4G9NQNE (SQL_EXECUTE) (cmlktqg6b000h1mvulcamfkc3) 
2026-02-14T13:00:00.023Z [Scheduler] ▶️ Starting task cmlktqg6b000h1mvulcamfkc3 
2026-02-14T13:00:00.055Z [Scheduler] Executing logic for type: SQL_EXECUTE 
2026-02-14T13:00:00.068Z [Scheduler] ⏱️ Task cmlktqg6b000h1mvulcamfkc3 finished in 0.0s 
