2026-02-09T06:26:42.716Z [Scheduler] Initializing Scheduler Service... 
2026-02-09T06:26:42.781Z [Scheduler] Found 20 active tasks. 
2026-02-09T06:26:42.783Z [Scheduler] ERROR: Task cmld9p7220001oiphvqk265za (Node-RzX9nFJGQUs832cLVvecO-feptUzSG (Implicit)) has no valid schedule. 
2026-02-09T06:26:42.784Z [Scheduler] ERROR: Task cmld9p9uy000noiphe0lqvmoh (Node-RzX9nFJGQUs832cLVvecO-gye2BUuO (Implicit)) has no valid schedule. 
2026-02-09T06:26:42.784Z [Scheduler] ERROR: Task cmld9p7hx000doiphizuje6a1 (Node-RzX9nFJGQUs832cLVvecO-3NtNCoMB (Implicit)) has no valid schedule. 
2026-02-09T06:26:42.784Z [Scheduler] ERROR: Task cmldt66tx000p111kkrbywmyo (Node-RzX9nFJGQUs832cLVvecO-mT4fz_HR (Implicit)) has no valid schedule. 
2026-02-09T06:26:42.785Z [Scheduler] ERROR: Task cmldmixbz000xfa2ksq4gvf6g (Node-4OtZT6m_2q7T7LpEpYoDC-KlyDG-Eu (Implicit)) has no valid schedule. 
2026-02-09T06:26:42.785Z [Scheduler] ERROR: Task cmldqo5400017pdr66boem8xk (Node-RzX9nFJGQUs832cLVvecO-2QH20NyR (Implicit)) has no valid schedule. 
2026-02-09T06:26:42.786Z [Scheduler] ERROR: Task cmldmj1uf0011fa2kycf398ef (Node-4OtZT6m_2q7T7LpEpYoDC-8IxOFrvh (Implicit)) has no valid schedule. 
2026-02-09T06:26:42.786Z [Scheduler] ERROR: Task cmld9p9v9000roiph52ujcca6 (Node-RzX9nFJGQUs832cLVvecO-9LiHu3E2 (Implicit)) has no valid schedule. 
2026-02-09T06:26:42.787Z [Scheduler] ERROR: Task cmldqnzwv000zpdr6kz80c3lw (Node-RzX9nFJGQUs832cLVvecO-fVagNTtd (Implicit)) has no valid schedule. 
2026-02-09T06:26:42.787Z [Scheduler] ERROR: Task cmled52960009fi5pm23i9doj (Node-RzX9nFJGQUs832cLVvecO-_CwXg6oQ (Implicit)) has no valid schedule. 
2026-02-09T06:26:42.788Z [Scheduler] ERROR: Task cmldt67c0000z111kqqpuqjd9 (Node-RzX9nFJGQUs832cLVvecO--A7oR6c8 (Implicit)) has no valid schedule. 
2026-02-09T06:26:42.788Z [Scheduler] ERROR: Task cmldqo64z001bpdr6d0qlhgvj (Node-RzX9nFJGQUs832cLVvecO-P7OJwQA4 (Implicit)) has no valid schedule. 
2026-02-09T06:26:42.788Z [Scheduler] ERROR: Task cmlepnx3n000vbda046iru4fn (Node-RzX9nFJGQUs832cLVvecO-KhDnEWg8 (Implicit)) has no valid schedule. 
2026-02-09T06:26:42.788Z [Scheduler] ERROR: Task cmld9p7f30005oiphuvncs7mi (Node-RzX9nFJGQUs832cLVvecO-t4m_jbLn (Implicit)) has no valid schedule. 
2026-02-09T06:26:42.788Z [Scheduler] ERROR: Task cmld9p9te000joiphgudr3ej8 (Node-RzX9nFJGQUs832cLVvecO-NC9jpnnG (Implicit)) has no valid schedule. 
2026-02-09T06:26:42.789Z [Scheduler] ERROR: Task cmld9p7gg0009oiph3vlqb72l (Node-RzX9nFJGQUs832cLVvecO-wC6CRuv7 (Implicit)) has no valid schedule. 
2026-02-09T06:26:42.789Z [Scheduler] ERROR: Task cmldmj6st0017fa2k1q4zmo43 (Node-4OtZT6m_2q7T7LpEpYoDC-C4G9NQNE (Implicit)) has no valid schedule. 
2026-02-09T06:26:42.789Z [Scheduler] ERROR: Task cmldmj7vn001bfa2kuslvdxg3 (Node-4OtZT6m_2q7T7LpEpYoDC-HDXBylGO (Implicit)) has no valid schedule. 
2026-02-09T06:26:42.790Z [Scheduler] ERROR: Task cmldmjsjj001ffa2kpp8ftlze (Node-4OtZT6m_2q7T7LpEpYoDC-zklNd9pZ (Implicit)) has no valid schedule. 
2026-02-09T06:26:42.824Z [Scheduler] Scheduled task Node-RzX9nFJGQUs832cLVvecO-4BbRgfc5 (EMAIL_SEND) (cmldruvte000110htjh6syrqn) with cron: */2 * * * * 
2026-02-09T06:26:42.824Z [Scheduler] Scheduler Service Initialized. 
